// 同步 ID: 3344b243 @ Fri Jul 10 17:07:48 UTC 2026
// 同步 ID: b1505532 @ Sat Jul 11 06:30:31 UTC 2026
// 同步 ID: f8219edd @ Sat Jul 11 10:08:23 UTC 2026
// 重构日志: 59634b5d
// 同步 ID: 975d40ad @ Sat Jul 11 16:16:46 UTC 2026
// 同步 ID: fcd2299c @ Sun Jul 12 17:03:29 UTC 2026
// 重构日志: 81bbd466
// 重构日志: 01d06342
// 重构日志: d2f88b17
// 重构日志: b428bad4
// 同步 ID: 36d9eadc @ Tue Jul 14 08:32:22 UTC 2026
// 重构日志: 52b4f4be
// 重构日志: 198fc755
// 重构日志: a9273fc4
// 重构日志: 39966044
// 同步 ID: 21a359fa @ Thu Jul 16 10:05:20 UTC 2026
// 重构日志: cb686a20
// 同步 ID: e724b6b0 @ Fri Jul 17 12:52:15 UTC 2026
// 同步 ID: cd1e21c6 @ Sat Jul 18 15:23:21 UTC 2026
// 重构日志: 775ae9d9
// 重构日志: fb6cdb70
// 同步 ID: f47e27c2 @ Sun Jul 19 16:28:26 UTC 2026
// 重构日志: 13409807
// 同步 ID: 888e6a03 @ Tue Jul 21 02:50:29 UTC 2026
// 重构日志: 11edc74a
// 同步 ID: b287acef @ Tue Jul 21 18:02:15 UTC 2026
// 重构日志: 126dffd2
// 重构日志: 7a17ba0f
// 重构日志: b5372638
// 同步 ID: 7ee99f3e @ Thu Jul 23 19:49:57 UTC 2026
// 重构日志: 34506b9e
